<?xml version="1.0" encoding="UTF-8"?>
<testsuite name="IncomeSourceModifierTest" tests="4" skipped="0" failures="0" errors="0" timestamp="2021-09-29T06:31:56" hostname="NB-ZYATEVA" time="0.011">
  <properties/>
  <testcase name="testJobless()" classname="IncomeSourceModifierTest" time="0.007"/>
  <testcase name="testPassive()" classname="IncomeSourceModifierTest" time="0.001"/>
  <testcase name="testIndividualEntrepreneur()" classname="IncomeSourceModifierTest" time="0.001"/>
  <testcase name="testEmployee()" classname="IncomeSourceModifierTest" time="0.001"/>
  <system-out><![CDATA[]]></system-out>
  <system-err><![CDATA[]]></system-err>
</testsuite>
