<?xml version="1.0" encoding="UTF-8"?>
<testsuite name="RatingConditionTest" tests="5" skipped="0" failures="0" errors="0" timestamp="2021-09-29T06:31:56" hostname="NB-ZYATEVA" time="0.003">
  <properties/>
  <testcase name="testRating_minus1()" classname="RatingConditionTest" time="0.0"/>
  <testcase name="testRating_minus2()" classname="RatingConditionTest" time="0.0"/>
  <testcase name="testRating_0()" classname="RatingConditionTest" time="0.001"/>
  <testcase name="testRating_1()" classname="RatingConditionTest" time="0.001"/>
  <testcase name="testRating_2()" classname="RatingConditionTest" time="0.0"/>
  <system-out><![CDATA[]]></system-out>
  <system-err><![CDATA[]]></system-err>
</testsuite>
