<?xml version="1.0" encoding="UTF-8"?>
<testsuite name="IncomeSourceConditionTest" tests="4" skipped="0" failures="0" errors="0" timestamp="2021-09-29T06:31:56" hostname="NB-ZYATEVA" time="0.002">
  <properties/>
  <testcase name="testIncomeSource_Jobless()" classname="IncomeSourceConditionTest" time="0.0"/>
  <testcase name="testIncomeSource_Employee()" classname="IncomeSourceConditionTest" time="0.0"/>
  <testcase name="testIncomeSource_Passive()" classname="IncomeSourceConditionTest" time="0.001"/>
  <testcase name="testIncomeSource_IndividualEntrepreneur()" classname="IncomeSourceConditionTest" time="0.0"/>
  <system-out><![CDATA[]]></system-out>
  <system-err><![CDATA[]]></system-err>
</testsuite>
