<?xml version="1.0" encoding="UTF-8"?>
<testsuite name="AnnualPaymentConditionTest" tests="3" skipped="0" failures="0" errors="0" timestamp="2021-09-29T06:31:56" hostname="NB-ZYATEVA" time="0.002">
  <properties/>
  <testcase name="testLastYearIncome_Less()" classname="AnnualPaymentConditionTest" time="0.0"/>
  <testcase name="testLastYearIncome_More()" classname="AnnualPaymentConditionTest" time="0.0"/>
  <testcase name="testLastYearIncome_Equal()" classname="AnnualPaymentConditionTest" time="0.0"/>
  <system-out><![CDATA[]]></system-out>
  <system-err><![CDATA[]]></system-err>
</testsuite>
