<?xml version="1.0" encoding="UTF-8"?>
<testsuite name="RetirementAgeConditionTest" tests="9" skipped="0" failures="0" errors="0" timestamp="2021-09-29T06:31:56" hostname="NB-ZYATEVA" time="0.011">
  <properties/>
  <testcase name="testRetirementAgeConditionRejectedMale_46_20()" classname="RetirementAgeConditionTest" time="0.0"/>
  <testcase name="testRetirementAgeConditionRejectedMale()" classname="RetirementAgeConditionTest" time="0.001"/>
  <testcase name="testRetirementAgeConditionApprovedFemale_40_20()" classname="RetirementAgeConditionTest" time="0.0"/>
  <testcase name="testRetirementAgeConditionRejectedMale_64_1()" classname="RetirementAgeConditionTest" time="0.001"/>
  <testcase name="testRetirementAgeConditionRejectedFemale_59_1()" classname="RetirementAgeConditionTest" time="0.001"/>
  <testcase name="testRetirementAgeConditionRejectedFemale()" classname="RetirementAgeConditionTest" time="0.0"/>
  <testcase name="testRetirementAgeConditionRejectedFemale_41_20()" classname="RetirementAgeConditionTest" time="0.0"/>
  <testcase name="testRetirementAgeConditionApprovedMale_45_20()" classname="RetirementAgeConditionTest" time="0.0"/>
  <testcase name="testRetirementAgeConditionApproved()" classname="RetirementAgeConditionTest" time="0.001"/>
  <system-out><![CDATA[]]></system-out>
  <system-err><![CDATA[]]></system-err>
</testsuite>
