<?xml version="1.0" encoding="UTF-8"?>
<testsuite name="LoanAmountModifierTest" tests="4" skipped="0" failures="0" errors="0" timestamp="2021-09-29T06:31:56" hostname="NB-ZYATEVA" time="0.005">
  <properties/>
  <testcase name="test100()" classname="LoanAmountModifierTest" time="0.001"/>
  <testcase name="test10()" classname="LoanAmountModifierTest" time="0.0"/>
  <testcase name="test1()" classname="LoanAmountModifierTest" time="0.001"/>
  <testcase name="test0point1()" classname="LoanAmountModifierTest" time="0.001"/>
  <system-out><![CDATA[]]></system-out>
  <system-err><![CDATA[]]></system-err>
</testsuite>
