<?xml version="1.0" encoding="UTF-8"?>
<testsuite name="IncomeSourceCalculatorTest" tests="3" skipped="0" failures="0" errors="0" timestamp="2021-09-29T06:31:56" hostname="NB-ZYATEVA" time="0.005">
  <properties/>
  <testcase name="testPassive()" classname="IncomeSourceCalculatorTest" time="0.002"/>
  <testcase name="testIndividualEntrepreneur()" classname="IncomeSourceCalculatorTest" time="0.0"/>
  <testcase name="testEmployee()" classname="IncomeSourceCalculatorTest" time="0.001"/>
  <system-out><![CDATA[]]></system-out>
  <system-err><![CDATA[]]></system-err>
</testsuite>
