<?xml version="1.0" encoding="UTF-8"?>
<testsuite name="RatingCalculatorTest" tests="4" skipped="0" failures="0" errors="0" timestamp="2021-09-29T06:31:56" hostname="NB-ZYATEVA" time="0.003">
  <properties/>
  <testcase name="testRatingMinus1()" classname="RatingCalculatorTest" time="0.0"/>
  <testcase name="testRating0()" classname="RatingCalculatorTest" time="0.0"/>
  <testcase name="testRating1()" classname="RatingCalculatorTest" time="0.0"/>
  <testcase name="testRating2()" classname="RatingCalculatorTest" time="0.0"/>
  <system-out><![CDATA[]]></system-out>
  <system-err><![CDATA[]]></system-err>
</testsuite>
