<?xml version="1.0" encoding="UTF-8"?>
<testsuite name="PurposeModifierTest" tests="4" skipped="0" failures="0" errors="0" timestamp="2021-09-29T06:31:56" hostname="NB-ZYATEVA" time="0.004">
  <properties/>
  <testcase name="testBusinessDevelopment()" classname="PurposeModifierTest" time="0.001"/>
  <testcase name="testConsumer()" classname="PurposeModifierTest" time="0.001"/>
  <testcase name="testCarLoan()" classname="PurposeModifierTest" time="0.001"/>
  <testcase name="testMortgage()" classname="PurposeModifierTest" time="0.001"/>
  <system-out><![CDATA[]]></system-out>
  <system-err><![CDATA[]]></system-err>
</testsuite>
