<?xml version="1.0" encoding="UTF-8"?>
<testsuite name="ValidationTest" tests="16" skipped="0" failures="0" errors="0" timestamp="2021-09-29T06:31:56" hostname="NB-ZYATEVA" time="0.023">
  <properties/>
  <testcase name="testLoanAmountSmall()" classname="ValidationTest" time="0.001"/>
  <testcase name="testLoanDurationTooSmall()" classname="ValidationTest" time="0.001"/>
  <testcase name="testLoanDurationMax()" classname="ValidationTest" time="0.0"/>
  <testcase name="testLoanDurationMin()" classname="ValidationTest" time="0.0"/>
  <testcase name="testLoanAmountTooSmall()" classname="ValidationTest" time="0.001"/>
  <testcase name="testRatingBiggerThanMax()" classname="ValidationTest" time="0.001"/>
  <testcase name="testAgeMinMinus1()" classname="ValidationTest" time="0.0"/>
  <testcase name="testAgeMaxPlus1()" classname="ValidationTest" time="0.0"/>
  <testcase name="testLoanAmountTooBig()" classname="ValidationTest" time="0.0"/>
  <testcase name="testRatingMax()" classname="ValidationTest" time="0.0"/>
  <testcase name="testRatingMin()" classname="ValidationTest" time="0.0"/>
  <testcase name="testAgeMax()" classname="ValidationTest" time="0.0"/>
  <testcase name="testAgeMin()" classname="ValidationTest" time="0.0"/>
  <testcase name="testLoanDurationTooBig()" classname="ValidationTest" time="0.004"/>
  <testcase name="testRatingSmallerThanMin()" classname="ValidationTest" time="0.0"/>
  <testcase name="testLoanAmountBig()" classname="ValidationTest" time="0.0"/>
  <system-out><![CDATA[]]></system-out>
  <system-err><![CDATA[]]></system-err>
</testsuite>
