<?xml version="1.0" encoding="UTF-8"?>
<testsuite name="RateModifiersTest" tests="4" skipped="0" failures="0" errors="0" timestamp="2021-09-29T06:31:56" hostname="NB-ZYATEVA" time="0.005">
  <properties/>
  <testcase name="testEmployeeRatingMinus1MillionCarLoan()" classname="RateModifiersTest" time="0.001"/>
  <testcase name="testIndividualEntrepreneur()" classname="RateModifiersTest" time="0.001"/>
  <testcase name="testPassiveRating0MillionConsumer()" classname="RateModifiersTest" time="0.001"/>
  <testcase name="testEmployee()" classname="RateModifiersTest" time="0.001"/>
  <system-out><![CDATA[]]></system-out>
  <system-err><![CDATA[]]></system-err>
</testsuite>
